  Main.cpp
  BaseCommand.cpp
  EntryState.cpp
  ExitState.cpp
  HeadingCommand.cpp
  MenuState.cpp
  BaseObject.cpp
  Boss.cpp
C:\Users\cdods\Desktop\OTHER\saiph-january2021-Lordodson\Model\Boss.cpp(36,16): warning C4101: 'theMovingObject': unreferenced local variable
  Bullet.cpp
  Deflector.cpp
  Effect.cpp
  Enemy.cpp
  HUD.cpp
  Menu.cpp
  MovingObject.cpp
  PowerUp.cpp
  ProgressBar.cpp
  Ship.cpp
  SpawnPoint.cpp
  LevelState.cpp
  StickyBomb.cpp
  Generating Code...
  Compiling...
  Observer.cpp
  MotherShip.cpp
  RandomFloat.cpp
  SaiphApp.cpp
  ShopState.cpp
  Subject.cpp
  VelocityCommand.cpp
  Layer.cpp
  ViewManager.cpp
  Generating Code...
  irrXML.cpp
  Saiph.vcxproj -> C:\Users\cdods\Desktop\OTHER\saiph-january2021-Lordodson\Debug\Saiph.exe
